Arguments: 
  C:\Program Files\nodejs\node.exe C:\Users\ASUS\AppData\Roaming\npm\node_modules\yarn\bin\yarn.js add @types/mine-types --dev

PATH: 
  C:\ProgramData\Oracle\Java\javapath;C:\Program Files\Common Files\Oracle\Java\javapath;C:\Program Files (x86)\Common Files\Oracle\Java\javapath;C:\Program Files\Python38\Scripts\;C:\Program Files\Python38\;C:\Windows\system32;C:\Windows;C:\Windows\System32\Wbem;C:\Windows\System32\WindowsPowerShell\v1.0\;C:\Windows\System32\OpenSSH\;C:\Program Files (x86)\NVIDIA Corporation\PhysX\Common;C:\Program Files\Microsoft SQL Server\Client SDK\ODBC\170\Tools\Binn\;C:\Program Files (x86)\Microsoft SQL Server\150\Tools\Binn\;C:\Program Files\Microsoft SQL Server\150\Tools\Binn\;C:\Program Files\Microsoft SQL Server\150\DTS\Binn\;C:\Program Files (x86)\Microsoft SQL Server\150\DTS\Binn\;C:\Program Files\NVIDIA Corporation\NVIDIA NvDLISR;C:\Program Files\Microsoft SQL Server\130\Tools\Binn\;C:\Program Files\dotnet\;C:\Apache24\bin;C:\WINDOWS\system32;C:\WINDOWS;C:\WINDOWS\System32\Wbem;C:\WINDOWS\System32\WindowsPowerShell\v1.0\;C:\WINDOWS\System32\OpenSSH\;C:\Program Files\Java\jdk-17.0.1\bin;C:\Program Files\Git\cmd;C:\Program Files\Git\mingw64\bin;C:\Program Files\Git\usr\bin;C:\Program Files\nodejs\;C:\Users\ASUS\AppData\Local\Programs\Python\Python38-32\Scripts\;C:\Users\ASUS\AppData\Local\Programs\Python\Python38-32\;C:\Users\ASUS\AppData\Local\Microsoft\WindowsApps;C:\Users\ASUS\AppData\Local\atom\bin;C:\Users\ASUS\AppData\Local\Programs\Microsoft VS Code\bin;C:\Program Files\JetBrains\PyCharm Community Edition 2020.2.1\bin;;C:\Program Files\Azure Data Studio\bin;C:\Users\ASUS\.dotnet\tools;C:\Program Files\JetBrains\CLion 2020.3.1\bin;;C:\Users\ASUS\AppData\Local\Microsoft\WindowsApps;;C:\Program Files\JetBrains\IntelliJ IDEA Community Edition 2021.2.3\bin;;C:\Users\ASUS\AppData\Roaming\npm

Yarn version: 
  1.22.17

Node version: 
  17.3.1

Platform: 
  win32 x64

Trace: 
  Error: https://registry.yarnpkg.com/@types%2fmine-types: Not found
      at Request.params.callback [as _callback] (C:\Users\ASUS\AppData\Roaming\npm\node_modules\yarn\lib\cli.js:67029:18)
      at Request.self.callback (C:\Users\ASUS\AppData\Roaming\npm\node_modules\yarn\lib\cli.js:140883:22)
      at Request.emit (node:events:390:28)
      at Request.<anonymous> (C:\Users\ASUS\AppData\Roaming\npm\node_modules\yarn\lib\cli.js:141855:10)
      at Request.emit (node:events:390:28)
      at IncomingMessage.<anonymous> (C:\Users\ASUS\AppData\Roaming\npm\node_modules\yarn\lib\cli.js:141777:12)
      at Object.onceWrapper (node:events:509:28)
      at IncomingMessage.emit (node:events:402:35)
      at endReadableNT (node:internal/streams/readable:1343:12)
      at processTicksAndRejections (node:internal/process/task_queues:83:21)

npm manifest: 
  {
    "name": "ice-9",
    "version": "1.0.0",
    "description": "ICE 9 for WEBD6201",
    "main": "server.js",
    "author": "Parth Patel",
    "license": "MIT",
    "scripts": {
      "start": "node server.js"
    },
    "dependencies": {
      "@fortawesome/fontawesome-free": "^5.15.4",
      "@popperjs/core": "^2.11.2",
      "bootstrap": "^5.1.3",
      "fs-readfile-promise": "^3.0.1",
      "jquery": "^3.6.0"
    },
    "devDependencies": {
      "@types/fs-readfile-promise": "^3.0.1",
      "@types/jquery": "^3.5.13",
      "@types/node": "^17.0.21"
    }
  }

yarn manifest: 
  No manifest

Lockfile: 
  # THIS IS AN AUTOGENERATED FILE. DO NOT EDIT THIS FILE DIRECTLY.
  # yarn lockfile v1
  
  
  "@fortawesome/fontawesome-free@^5.15.4":
    version "5.15.4"
    resolved "https://registry.yarnpkg.com/@fortawesome/fontawesome-free/-/fontawesome-free-5.15.4.tgz#ecda5712b61ac852c760d8b3c79c96adca5554e5"
    integrity sha512-eYm8vijH/hpzr/6/1CJ/V/Eb1xQFW2nnUKArb3z+yUWv7HTwj6M7SP957oMjfZjAHU6qpoNc2wQvIxBLWYa/Jg==
  
  "@popperjs/core@^2.11.2":
    version "2.11.2"
    resolved "https://registry.yarnpkg.com/@popperjs/core/-/core-2.11.2.tgz#830beaec4b4091a9e9398ac50f865ddea52186b9"
    integrity sha512-92FRmppjjqz29VMJ2dn+xdyXZBrMlE42AV6Kq6BwjWV7CNUW1hs2FtxSNLQE+gJhaZ6AAmYuO9y8dshhcBl7vA==
  
  "@types/fs-readfile-promise@^3.0.1":
    version "3.0.1"
    resolved "https://registry.yarnpkg.com/@types/fs-readfile-promise/-/fs-readfile-promise-3.0.1.tgz#5f89d60638371413709285ec3453dadfc290d6a3"
    integrity sha512-pfud5ylcdMZCl6FEK9joIaE3V1MgXorwJKpCPgJt8FFFnI525R7f1F0eRt5arK7KHQweyv70aZN9aAN8yucCKg==
    dependencies:
      "@types/node" "*"
  
  "@types/jquery@^3.5.13":
    version "3.5.13"
    resolved "https://registry.yarnpkg.com/@types/jquery/-/jquery-3.5.13.tgz#5482d3ee325d5862f77a91c09369ae0a5b082bf3"
    integrity sha512-ZxJrup8nz/ZxcU0vantG+TPdboMhB24jad2uSap50zE7Q9rUeYlCF25kFMSmHR33qoeOgqcdHEp3roaookC0Sg==
    dependencies:
      "@types/sizzle" "*"
  
  "@types/node@*", "@types/node@^17.0.21":
    version "17.0.21"
    resolved "https://registry.yarnpkg.com/@types/node/-/node-17.0.21.tgz#864b987c0c68d07b4345845c3e63b75edd143644"
    integrity sha512-DBZCJbhII3r90XbQxI8Y9IjjiiOGlZ0Hr32omXIZvwwZ7p4DMMXGrKXVyPfuoBOri9XNtL0UK69jYIBIsRX3QQ==
  
  "@types/sizzle@*":
    version "2.3.3"
    resolved "https://registry.yarnpkg.com/@types/sizzle/-/sizzle-2.3.3.tgz#ff5e2f1902969d305225a047c8a0fd5c915cebef"
    integrity sha512-JYM8x9EGF163bEyhdJBpR2QX1R5naCJHC8ucJylJ3w9/CVBaskdQ8WqBf8MmQrd1kRvp/a4TS8HJ+bxzR7ZJYQ==
  
  bootstrap@^5.1.3:
    version "5.1.3"
    resolved "https://registry.yarnpkg.com/bootstrap/-/bootstrap-5.1.3.tgz#ba081b0c130f810fa70900acbc1c6d3c28fa8f34"
    integrity sha512-fcQztozJ8jToQWXxVuEyXWW+dSo8AiXWKwiSSrKWsRB/Qt+Ewwza+JWoLKiTuQLaEPhdNAJ7+Dosc9DOIqNy7Q==
  
  fs-readfile-promise@^3.0.1:
    version "3.0.1"
    resolved "https://registry.yarnpkg.com/fs-readfile-promise/-/fs-readfile-promise-3.0.1.tgz#d0d307b7f6aedfc920c31fa6e5712efaa297c958"
    integrity sha512-LsSxMeaJdYH27XrW7Dmq0Gx63mioULCRel63B5VeELYLavi1wF5s0XfsIdKDFdCL9hsfQ2qBvXJszQtQJ9h17A==
    dependencies:
      graceful-fs "^4.1.11"
  
  graceful-fs@^4.1.11:
    version "4.2.9"
    resolved "https://registry.yarnpkg.com/graceful-fs/-/graceful-fs-4.2.9.tgz#041b05df45755e587a24942279b9d113146e1c96"
    integrity sha512-NtNxqUcXgpW2iMrfqSfR73Glt39K+BLwWsPs94yR63v45T0Wbej7eRmL5cWfwEgqXnmjQp3zaJTshdRW/qC2ZQ==
  
  jquery@^3.6.0:
    version "3.6.0"
    resolved "https://registry.yarnpkg.com/jquery/-/jquery-3.6.0.tgz#c72a09f15c1bdce142f49dbf1170bdf8adac2470"
    integrity sha512-JVzAR/AjBvVt2BmYhxRCSYysDsPcssdmTFnzyLEts9qNwmjmu4JTAMYubEfwVOSwpQ1I1sKKFcxhZCI2buerfw==
